#-----------------------------------------------------------
# updatemem v2018.2 (64-bit)
# SW Build 2258646 on Thu Jun 14 20:03:12 MDT 2018
# IP Build 2256618 on Thu Jun 14 22:10:49 MDT 2018
# Start of session at: Sat Sep 22 12:10:02 2018
# Process ID: 8904
# Current directory: C:/_umd/_2018-09-01/445_F18/_work/0921_project_2zip01/project_2/project_2.8051
# Command line: updatemem.exe -mode batch -source C:/Xilinx/Vivado/2018.2/scripts/updatemem/main.tcl -notrace -tclargs -meminfo 4Kx8_X1_Y6_bram.mmi -data atrawhex.mem -proc dummy -bit ..\project_2.runs\impl_1\top.bit -out tclcmdtop.bit -force -debug
# Log file: C:/_umd/_2018-09-01/445_F18/_work/0921_project_2zip01/project_2/project_2.8051/updatemem.log
# Journal file: C:/_umd/_2018-09-01/445_F18/_work/0921_project_2zip01/project_2/project_2.8051\updatemem.jou
#-----------------------------------------------------------
source C:/Xilinx/Vivado/2018.2/scripts/updatemem/main.tcl -notrace
Command: update_mem -meminfo 4Kx8_X1_Y6_bram.mmi -data atrawhex.mem -proc dummy -bit {..\project_2.runs\impl_1\top.bit} -out tclcmdtop.bit -force -debug
Loading bitfile ..\project_2.runs\impl_1\top.bit
Loading data files...
Updating memory content...
Creating bitstream...
Writing bitstream tclcmdtop.bit...
0 Infos, 0 Warnings, 0 Critical Warnings and 0 Errors encountered.
update_mem completed successfully
update_mem: Time (s): cpu = 00:00:13 ; elapsed = 00:00:14 . Memory (MB): peak = 487.539 ; gain = 430.055
INFO: [Common 17-206] Exiting updatemem at Sat Sep 22 12:10:16 2018...
