#-----------------------------------------------------------
# updatemem v2019.2 (64-bit)
# SW Build 2708876 on Wed Nov  6 21:40:23 MST 2019
# IP Build 2700528 on Thu Nov  7 00:09:20 MST 2019
# Start of session at: Thu Mar 12 15:27:08 2020
# Process ID: 13292
# Current directory: C:/Users/abhinav8/Downloads/Vivado+uVision_project_2/project_2.8051/tools
# Command line: updatemem.exe -mode batch -source C:/Xilinx/Vivado/2019.2/scripts/updatemem/main.tcl -notrace -tclargs -meminfo 4Kx8_X0Y3_bram.mmi -data BLINKY.mem -proc dummy -bit ..\..\project_2.runs\impl_2\top.bit -out newtop.bit -force -debug
# Log file: C:/Users/abhinav8/Downloads/Vivado+uVision_project_2/project_2.8051/tools/updatemem.log
# Journal file: C:/Users/abhinav8/Downloads/Vivado+uVision_project_2/project_2.8051/tools\updatemem.jou
#-----------------------------------------------------------
source C:/Xilinx/Vivado/2019.2/scripts/updatemem/main.tcl -notrace
Command: update_mem -meminfo 4Kx8_X0Y3_bram.mmi -data BLINKY.mem -proc dummy -bit {..\..\project_2.runs\impl_2\top.bit} -out newtop.bit -force -debug
Loading bitfile ..\..\project_2.runs\impl_2\top.bit
Loading data files...
Updating memory content...
Creating bitstream...
Writing bitstream newtop.bit...
0 Infos, 0 Warnings, 0 Critical Warnings and 0 Errors encountered.
update_mem completed successfully
update_mem: Time (s): cpu = 00:00:08 ; elapsed = 00:00:09 . Memory (MB): peak = 524.711 ; gain = 438.203
INFO: [Common 17-206] Exiting updatemem at Thu Mar 12 15:27:17 2020...
