INFO: [VRFC 10-163] Analyzing VHDL file "C:/Users/abhinav8/Downloads/Vivado+uVision_project_2/project_2.srcs/sources_1/imports/8051_logic/mc8051_p.vhd" into library xil_defaultlib
INFO: [VRFC 10-163] Analyzing VHDL file "C:/Users/abhinav8/Downloads/Vivado+uVision_project_2/project_2.srcs/sources_1/imports/8051_logic/addsub_core_.vhd" into library xil_defaultlib
INFO: [VRFC 10-3107] analyzing entity 'addsub_core'
INFO: [VRFC 10-163] Analyzing VHDL file "C:/Users/abhinav8/Downloads/Vivado+uVision_project_2/project_2.srcs/sources_1/imports/8051_logic/addsub_core_struc.vhd" into library xil_defaultlib
INFO: [VRFC 10-163] Analyzing VHDL file "C:/Users/abhinav8/Downloads/Vivado+uVision_project_2/project_2.srcs/sources_1/imports/8051_logic/addsub_cy_.vhd" into library xil_defaultlib
INFO: [VRFC 10-3107] analyzing entity 'addsub_cy'
INFO: [VRFC 10-163] Analyzing VHDL file "C:/Users/abhinav8/Downloads/Vivado+uVision_project_2/project_2.srcs/sources_1/imports/8051_logic/addsub_cy_rtl.vhd" into library xil_defaultlib
INFO: [VRFC 10-163] Analyzing VHDL file "C:/Users/abhinav8/Downloads/Vivado+uVision_project_2/project_2.srcs/sources_1/imports/8051_logic/addsub_ovcy_.vhd" into library xil_defaultlib
INFO: [VRFC 10-3107] analyzing entity 'addsub_ovcy'
INFO: [VRFC 10-163] Analyzing VHDL file "C:/Users/abhinav8/Downloads/Vivado+uVision_project_2/project_2.srcs/sources_1/imports/8051_logic/addsub_ovcy_rtl.vhd" into library xil_defaultlib
INFO: [VRFC 10-163] Analyzing VHDL file "C:/Users/abhinav8/Downloads/Vivado+uVision_project_2/project_2.srcs/sources_1/imports/8051_logic/alucore_.vhd" into library xil_defaultlib
INFO: [VRFC 10-3107] analyzing entity 'alucore'
INFO: [VRFC 10-163] Analyzing VHDL file "C:/Users/abhinav8/Downloads/Vivado+uVision_project_2/project_2.srcs/sources_1/imports/8051_logic/alucore_rtl.vhd" into library xil_defaultlib
INFO: [VRFC 10-163] Analyzing VHDL file "C:/Users/abhinav8/Downloads/Vivado+uVision_project_2/project_2.srcs/sources_1/imports/8051_logic/alumux_.vhd" into library xil_defaultlib
INFO: [VRFC 10-3107] analyzing entity 'alumux'
INFO: [VRFC 10-163] Analyzing VHDL file "C:/Users/abhinav8/Downloads/Vivado+uVision_project_2/project_2.srcs/sources_1/imports/8051_logic/alumux_rtl.vhd" into library xil_defaultlib
INFO: [VRFC 10-163] Analyzing VHDL file "C:/Users/abhinav8/Downloads/Vivado+uVision_project_2/project_2.srcs/sources_1/imports/8051_logic/comb_divider_.vhd" into library xil_defaultlib
INFO: [VRFC 10-3107] analyzing entity 'comb_divider'
INFO: [VRFC 10-163] Analyzing VHDL file "C:/Users/abhinav8/Downloads/Vivado+uVision_project_2/project_2.srcs/sources_1/imports/8051_logic/comb_divider_rtl.vhd" into library xil_defaultlib
INFO: [VRFC 10-163] Analyzing VHDL file "C:/Users/abhinav8/Downloads/Vivado+uVision_project_2/project_2.srcs/sources_1/imports/8051_logic/comb_mltplr_.vhd" into library xil_defaultlib
INFO: [VRFC 10-3107] analyzing entity 'comb_mltplr'
INFO: [VRFC 10-163] Analyzing VHDL file "C:/Users/abhinav8/Downloads/Vivado+uVision_project_2/project_2.srcs/sources_1/imports/8051_logic/comb_mltplr_rtl.vhd" into library xil_defaultlib
INFO: [VRFC 10-163] Analyzing VHDL file "C:/Users/abhinav8/Downloads/Vivado+uVision_project_2/project_2.srcs/sources_1/imports/8051_logic/control_fsm_.vhd" into library xil_defaultlib
INFO: [VRFC 10-3107] analyzing entity 'control_fsm'
INFO: [VRFC 10-163] Analyzing VHDL file "C:/Users/abhinav8/Downloads/Vivado+uVision_project_2/project_2.srcs/sources_1/imports/8051_logic/control_fsm_rtl.vhd" into library xil_defaultlib
INFO: [VRFC 10-163] Analyzing VHDL file "C:/Users/abhinav8/Downloads/Vivado+uVision_project_2/project_2.srcs/sources_1/imports/8051_logic/control_mem_.vhd" into library xil_defaultlib
INFO: [VRFC 10-3107] analyzing entity 'control_mem'
INFO: [VRFC 10-163] Analyzing VHDL file "C:/Users/abhinav8/Downloads/Vivado+uVision_project_2/project_2.srcs/sources_1/imports/8051_logic/control_mem_rtl.vhd" into library xil_defaultlib
INFO: [VRFC 10-163] Analyzing VHDL file "C:/Users/abhinav8/Downloads/Vivado+uVision_project_2/project_2.srcs/sources_1/imports/8051_logic/dcml_adjust_.vhd" into library xil_defaultlib
INFO: [VRFC 10-3107] analyzing entity 'dcml_adjust'
INFO: [VRFC 10-163] Analyzing VHDL file "C:/Users/abhinav8/Downloads/Vivado+uVision_project_2/project_2.srcs/sources_1/imports/8051_logic/dcml_adjust_rtl.vhd" into library xil_defaultlib
INFO: [VRFC 10-163] Analyzing VHDL file "C:/Users/abhinav8/Downloads/Vivado+uVision_project_2/project_2.srcs/sources_1/imports/8051_logic/mc8051_alu_.vhd" into library xil_defaultlib
INFO: [VRFC 10-3107] analyzing entity 'mc8051_alu'
INFO: [VRFC 10-163] Analyzing VHDL file "C:/Users/abhinav8/Downloads/Vivado+uVision_project_2/project_2.srcs/sources_1/imports/8051_logic/mc8051_alu_struc.vhd" into library xil_defaultlib
INFO: [VRFC 10-163] Analyzing VHDL file "C:/Users/abhinav8/Downloads/Vivado+uVision_project_2/project_2.srcs/sources_1/imports/8051_logic/mc8051_control_.vhd" into library xil_defaultlib
INFO: [VRFC 10-3107] analyzing entity 'mc8051_control'
INFO: [VRFC 10-163] Analyzing VHDL file "C:/Users/abhinav8/Downloads/Vivado+uVision_project_2/project_2.srcs/sources_1/imports/8051_logic/mc8051_control_struc.vhd" into library xil_defaultlib
INFO: [VRFC 10-163] Analyzing VHDL file "C:/Users/abhinav8/Downloads/Vivado+uVision_project_2/project_2.srcs/sources_1/imports/8051_logic/mc8051_core_.vhd" into library xil_defaultlib
INFO: [VRFC 10-3107] analyzing entity 'mc8051_core'
INFO: [VRFC 10-163] Analyzing VHDL file "C:/Users/abhinav8/Downloads/Vivado+uVision_project_2/project_2.srcs/sources_1/imports/8051_logic/mc8051_core_struc.vhd" into library xil_defaultlib
INFO: [VRFC 10-163] Analyzing VHDL file "C:/Users/abhinav8/Downloads/Vivado+uVision_project_2/project_2.srcs/sources_1/imports/8051_logic/mc8051_siu_.vhd" into library xil_defaultlib
INFO: [VRFC 10-3107] analyzing entity 'mc8051_siu'
INFO: [VRFC 10-163] Analyzing VHDL file "C:/Users/abhinav8/Downloads/Vivado+uVision_project_2/project_2.srcs/sources_1/imports/8051_logic/mc8051_siu_rtl.vhd" into library xil_defaultlib
INFO: [VRFC 10-163] Analyzing VHDL file "C:/Users/abhinav8/Downloads/Vivado+uVision_project_2/project_2.srcs/sources_1/imports/8051_logic/mc8051_tmrctr_.vhd" into library xil_defaultlib
INFO: [VRFC 10-3107] analyzing entity 'mc8051_tmrctr'
INFO: [VRFC 10-163] Analyzing VHDL file "C:/Users/abhinav8/Downloads/Vivado+uVision_project_2/project_2.srcs/sources_1/imports/8051_logic/mc8051_tmrctr_rtl.vhd" into library xil_defaultlib
