C51 COMPILER V9.60.0.0   BLINKY                                                            03/12/2020 15:26:38 PAGE 1   


C51 COMPILER V9.60.0.0, COMPILATION OF MODULE BLINKY
OBJECT MODULE PLACED IN BLINKY.OBJ
COMPILER INVOKED BY: C:\Keil_v5\C51\BIN\C51.EXE BLINKY.C ROM(SMALL) OPTIMIZE(8,SPEED) BROWSE DEBUG OBJECTEXTEND CODE TAB
                    -S(2)

line level    source

   1          #include <reg51.h>    /* Include x51 header file */
   2          #include <stdio.h>
   3          #include "i2c.h"
   4          //void UART_Init()
   5          //{
   6          
   7          //}
   8          
   9          //void Transmit_data(char tx_data)
  10          //{
  11          //  SBUF = tx_data;   /* Load char in SBUF register */
  12          //  while (TI==0);    /* Wait until stop bit transmit */
  13          //  TI = 0;     /* Clear TI flag */
  14          //}
  15          
  16          //void String(char *str)
  17          //{
  18            //int i;
  19            //for(i=0;str[i]!=0;i++)  /* Send each char of string till the NULL */
  20            //{
  21            //  Transmit_data(str[i]);  /* Call transmit data function */
  22          //}
  23          //} 
  24          
  25          void main()
  26          {
  27   1        unsigned char aaa='X';
  28   1        //int i;
  29   1        SCON  = 0x50;       /* SCON: mode 1, 8-bit UART, enable rcvr    */
  30   1        TMOD |= 0x20;       /* TMOD: timer 1, mode 2, 8-bit reload      */
  31   1        TH1   = 253;        /* TH1:  reload value for 9600 baud (see _readme_setting_8051_serial_baud rate.txt)      
             -  */
  32   1        // !! PCON |= 0x80; /* SMOD=1 doubles baud rate (see +Intel_mcs8051_users_manual_8051.pdf page 50)
  33   1        TR1   = 1;          /* TR1:  timer 1 run                        */
  34   1        TI    = 1;  
  35   1        I2C_Start();
  36   1          aaa = I2C_Read(1);
  37   1          //I2C_Stop();
  38   1          
  39   1          putchar(aaa);
  40   1      
  41   1        while (1) {
  42   2            I2C_Start();
  43   2          aaa = I2C_Read(1);
  44   2          //I2C_Stop();
  45   2          
  46   2          putchar(aaa);
  47   2          
  48   2          //aaa = _getkey();
  49   2          //if (aaa >= 97 && aaa <= 122) {
  50   2            //aaa = aaa - 32;
  51   2            //for(i = 0; i < 1000; i++);
  52   2            
  53   2            //putchar(aaa); 
C51 COMPILER V9.60.0.0   BLINKY                                                            03/12/2020 15:26:38 PAGE 2   

  54   2          //}
  55   2        }
  56   1      }
C51 COMPILER V9.60.0.0   BLINKY                                                            03/12/2020 15:26:38 PAGE 3   

ASSEMBLY LISTING OF GENERATED OBJECT CODE


             ; FUNCTION main (BEGIN)
                                           ; SOURCE LINE # 25
                                           ; SOURCE LINE # 26
                                           ; SOURCE LINE # 27
0000 750058      R     MOV     aaa,#058H
                                           ; SOURCE LINE # 29
0003 759850            MOV     SCON,#050H
                                           ; SOURCE LINE # 30
0006 438920            ORL     TMOD,#020H
                                           ; SOURCE LINE # 31
0009 758DFD            MOV     TH1,#0FDH
                                           ; SOURCE LINE # 33
000C D28E              SETB    TR1
                                           ; SOURCE LINE # 34
000E D299              SETB    TI
                                           ; SOURCE LINE # 35
0010 1100        E     ACALL   I2C_Start
                                           ; SOURCE LINE # 36
0012 7F01              MOV     R7,#01H
0014 1100        E     ACALL   _I2C_Read
0016 8F00        R     MOV     aaa,R7
                                           ; SOURCE LINE # 39
0018 1100        E     ACALL   _putchar
001A         ?C0001:
                                           ; SOURCE LINE # 41
                                           ; SOURCE LINE # 42
001A 1100        E     ACALL   I2C_Start
                                           ; SOURCE LINE # 43
001C 7F01              MOV     R7,#01H
001E 1100        E     ACALL   _I2C_Read
0020 8F00        R     MOV     aaa,R7
                                           ; SOURCE LINE # 46
0022 1100        E     ACALL   _putchar
                                           ; SOURCE LINE # 55
0024 80F4              SJMP    ?C0001
             ; FUNCTION main (END)



MODULE INFORMATION:   STATIC OVERLAYABLE
   CODE SIZE        =     38    ----
   CONSTANT SIZE    =   ----    ----
   XDATA SIZE       =   ----    ----
   PDATA SIZE       =   ----    ----
   DATA SIZE        =   ----       1
   IDATA SIZE       =   ----    ----
   BIT SIZE         =   ----    ----
END OF MODULE INFORMATION.


C51 COMPILATION COMPLETE.  0 WARNING(S),  0 ERROR(S)
